Sender: LSF System <lsfadmin@lx07>
Subject: Job 6839576: <python /data/morrisq/divyak/projects/orchard/bin/orchard -p C.ssm C.params.json C.results.npz> in cluster <lila> Done

Job <python /data/morrisq/divyak/projects/orchard/bin/orchard -p C.ssm C.params.json C.results.npz> was submitted from host <lu07> by user <koyyald> in cluster <lila> at Tue May 28 21:07:17 2024
Job was executed on host(s) <8*lx07>, in queue <cpuqueue>, as user <koyyald> in cluster <lila> at Tue May 28 21:07:27 2024
</home/koyyald> was used as the home directory.
</data/morrisq/divyak/projects/metient/metient/data/sanborn_melanoma_2015/cn_neutral_data/pyclone_vi_orchard_trees> was used as the working directory.
Started at Tue May 28 21:07:27 2024
Terminated at Tue May 28 21:07:32 2024
Results reported at Tue May 28 21:07:32 2024

Your job looked like:

------------------------------------------------------------
# LSBATCH: User input
python /data/morrisq/divyak/projects/orchard/bin/orchard -p C.ssm C.params.json C.results.npz
------------------------------------------------------------

Successfully completed.

Resource usage summary:

    CPU time :                                   12.19 sec.
    Max Memory :                                 1 GB
    Average Memory :                             0.60 GB
    Total Requested Memory :                     64.00 GB
    Delta Memory :                               63.00 GB
    Max Swap :                                   -
    Max Processes :                              84
    Max Threads :                                91
    Run time :                                   6 sec.
    Turnaround time :                            15 sec.

The output (if any) follows:



PS:

Read file <error_C.log> for stderr output of this job.

Sender: LSF System <lsfadmin@lx07>
Subject: Job 8349080: <python /data/morrisq/divyak/projects/orchard/bin/orchard -p C.ssm C.params.json C.results.npz> in cluster <lila> Done

Job <python /data/morrisq/divyak/projects/orchard/bin/orchard -p C.ssm C.params.json C.results.npz> was submitted from host <ls16> by user <koyyald> in cluster <lila> at Mon Jul 29 09:08:15 2024
Job was executed on host(s) <8*lx07>, in queue <cpuqueue>, as user <koyyald> in cluster <lila> at Mon Jul 29 09:10:53 2024
</home/koyyald> was used as the home directory.
</data/morrisq/divyak/projects/metient/metient/data/sanborn_melanoma_2015/cn_neutral_data/pyclone_vi_orchard_trees> was used as the working directory.
Started at Mon Jul 29 09:10:53 2024
Terminated at Mon Jul 29 09:11:00 2024
Results reported at Mon Jul 29 09:11:00 2024

Your job looked like:

------------------------------------------------------------
# LSBATCH: User input
python /data/morrisq/divyak/projects/orchard/bin/orchard -p C.ssm C.params.json C.results.npz
------------------------------------------------------------

Successfully completed.

Resource usage summary:

    CPU time :                                   11.27 sec.
    Max Memory :                                 -
    Average Memory :                             -
    Total Requested Memory :                     64.00 GB
    Delta Memory :                               -
    Max Swap :                                   -
    Max Processes :                              41
    Max Threads :                                44
    Run time :                                   8 sec.
    Turnaround time :                            165 sec.

The output (if any) follows:



PS:

Read file <error_C.log> for stderr output of this job.

Sender: LSF System <lsfadmin@ls10>
Subject: Job 8349505: <python /data/morrisq/divyak/projects/orchard/bin/orchard -p C.ssm C.params.json C.results.npz> in cluster <lila> Done

Job <python /data/morrisq/divyak/projects/orchard/bin/orchard -p C.ssm C.params.json C.results.npz> was submitted from host <ls16> by user <koyyald> in cluster <lila> at Mon Jul 29 09:24:02 2024
Job was executed on host(s) <8*ls10>, in queue <cpuqueue>, as user <koyyald> in cluster <lila> at Mon Jul 29 09:24:04 2024
</home/koyyald> was used as the home directory.
</data/morrisq/divyak/projects/metient/metient/data/sanborn_melanoma_2015/cn_neutral_data/pyclone_vi_orchard_trees> was used as the working directory.
Started at Mon Jul 29 09:24:04 2024
Terminated at Mon Jul 29 09:24:14 2024
Results reported at Mon Jul 29 09:24:14 2024

Your job looked like:

------------------------------------------------------------
# LSBATCH: User input
python /data/morrisq/divyak/projects/orchard/bin/orchard -p C.ssm C.params.json C.results.npz
------------------------------------------------------------

Successfully completed.

Resource usage summary:

    CPU time :                                   13.15 sec.
    Max Memory :                                 1 GB
    Average Memory :                             0.43 GB
    Total Requested Memory :                     64.00 GB
    Delta Memory :                               63.00 GB
    Max Swap :                                   -
    Max Processes :                              76
    Max Threads :                                83
    Run time :                                   11 sec.
    Turnaround time :                            12 sec.

The output (if any) follows:



PS:

Read file <error_C.log> for stderr output of this job.

Sender: LSF System <lsfadmin@ls11>
Subject: Job 8349631: <python /data/morrisq/divyak/projects/orchard/bin/orchard -p C.ssm C.params.json C.results.npz> in cluster <lila> Done

Job <python /data/morrisq/divyak/projects/orchard/bin/orchard -p C.ssm C.params.json C.results.npz> was submitted from host <ls16> by user <koyyald> in cluster <lila> at Mon Jul 29 09:32:54 2024
Job was executed on host(s) <8*ls11>, in queue <cpuqueue>, as user <koyyald> in cluster <lila> at Mon Jul 29 09:32:57 2024
</home/koyyald> was used as the home directory.
</data/morrisq/divyak/projects/metient/metient/data/sanborn_melanoma_2015/cn_neutral_data/pyclone_vi_orchard_trees> was used as the working directory.
Started at Mon Jul 29 09:32:57 2024
Terminated at Mon Jul 29 09:33:03 2024
Results reported at Mon Jul 29 09:33:03 2024

Your job looked like:

------------------------------------------------------------
# LSBATCH: User input
python /data/morrisq/divyak/projects/orchard/bin/orchard -p C.ssm C.params.json C.results.npz
------------------------------------------------------------

Successfully completed.

Resource usage summary:

    CPU time :                                   12.22 sec.
    Max Memory :                                 -
    Average Memory :                             -
    Total Requested Memory :                     64.00 GB
    Delta Memory :                               -
    Max Swap :                                   -
    Max Processes :                              10
    Max Threads :                                18
    Run time :                                   7 sec.
    Turnaround time :                            9 sec.

The output (if any) follows:



PS:

Read file <error_C.log> for stderr output of this job.

