Sender: LSF System <lsfadmin@ln06>
Subject: Job 6839579: <python /data/morrisq/divyak/projects/orchard/bin/orchard -p F.ssm F.params.json F.results.npz> in cluster <lila> Done

Job <python /data/morrisq/divyak/projects/orchard/bin/orchard -p F.ssm F.params.json F.results.npz> was submitted from host <lu07> by user <koyyald> in cluster <lila> at Tue May 28 21:07:17 2024
Job was executed on host(s) <8*ln06>, in queue <cpuqueue>, as user <koyyald> in cluster <lila> at Tue May 28 21:07:34 2024
</home/koyyald> was used as the home directory.
</data/morrisq/divyak/projects/metient/metient/data/sanborn_melanoma_2015/cn_neutral_data/pyclone_vi_orchard_trees> was used as the working directory.
Started at Tue May 28 21:07:34 2024
Terminated at Tue May 28 21:07:37 2024
Results reported at Tue May 28 21:07:37 2024

Your job looked like:

------------------------------------------------------------
# LSBATCH: User input
python /data/morrisq/divyak/projects/orchard/bin/orchard -p F.ssm F.params.json F.results.npz
------------------------------------------------------------

Successfully completed.

Resource usage summary:

    CPU time :                                   9.91 sec.
    Max Memory :                                 1 GB
    Average Memory :                             0.75 GB
    Total Requested Memory :                     64.00 GB
    Delta Memory :                               63.00 GB
    Max Swap :                                   -
    Max Processes :                              80
    Max Threads :                                83
    Run time :                                   4 sec.
    Turnaround time :                            20 sec.

The output (if any) follows:



PS:

Read file <error_F.log> for stderr output of this job.

Sender: LSF System <lsfadmin@ls13>
Subject: Job 8349084: <python /data/morrisq/divyak/projects/orchard/bin/orchard -p F.ssm F.params.json F.results.npz> in cluster <lila> Done

Job <python /data/morrisq/divyak/projects/orchard/bin/orchard -p F.ssm F.params.json F.results.npz> was submitted from host <ls16> by user <koyyald> in cluster <lila> at Mon Jul 29 09:08:15 2024
Job was executed on host(s) <8*ls13>, in queue <cpuqueue>, as user <koyyald> in cluster <lila> at Mon Jul 29 09:11:09 2024
</home/koyyald> was used as the home directory.
</data/morrisq/divyak/projects/metient/metient/data/sanborn_melanoma_2015/cn_neutral_data/pyclone_vi_orchard_trees> was used as the working directory.
Started at Mon Jul 29 09:11:09 2024
Terminated at Mon Jul 29 09:11:12 2024
Results reported at Mon Jul 29 09:11:12 2024

Your job looked like:

------------------------------------------------------------
# LSBATCH: User input
python /data/morrisq/divyak/projects/orchard/bin/orchard -p F.ssm F.params.json F.results.npz
------------------------------------------------------------

Successfully completed.

Resource usage summary:

    CPU time :                                   8.24 sec.
    Max Memory :                                 1 GB
    Average Memory :                             0.75 GB
    Total Requested Memory :                     64.00 GB
    Delta Memory :                               63.00 GB
    Max Swap :                                   -
    Max Processes :                              76
    Max Threads :                                137
    Run time :                                   4 sec.
    Turnaround time :                            177 sec.

The output (if any) follows:



PS:

Read file <error_F.log> for stderr output of this job.

Sender: LSF System <lsfadmin@ls05>
Subject: Job 8349508: <python /data/morrisq/divyak/projects/orchard/bin/orchard -p F.ssm F.params.json F.results.npz> in cluster <lila> Done

Job <python /data/morrisq/divyak/projects/orchard/bin/orchard -p F.ssm F.params.json F.results.npz> was submitted from host <ls16> by user <koyyald> in cluster <lila> at Mon Jul 29 09:24:02 2024
Job was executed on host(s) <8*ls05>, in queue <cpuqueue>, as user <koyyald> in cluster <lila> at Mon Jul 29 09:24:04 2024
</home/koyyald> was used as the home directory.
</data/morrisq/divyak/projects/metient/metient/data/sanborn_melanoma_2015/cn_neutral_data/pyclone_vi_orchard_trees> was used as the working directory.
Started at Mon Jul 29 09:24:04 2024
Terminated at Mon Jul 29 09:24:15 2024
Results reported at Mon Jul 29 09:24:15 2024

Your job looked like:

------------------------------------------------------------
# LSBATCH: User input
python /data/morrisq/divyak/projects/orchard/bin/orchard -p F.ssm F.params.json F.results.npz
------------------------------------------------------------

Successfully completed.

Resource usage summary:

    CPU time :                                   19.28 sec.
    Max Memory :                                 1 GB
    Average Memory :                             0.43 GB
    Total Requested Memory :                     64.00 GB
    Delta Memory :                               63.00 GB
    Max Swap :                                   -
    Max Processes :                              76
    Max Threads :                                83
    Run time :                                   13 sec.
    Turnaround time :                            13 sec.

The output (if any) follows:



PS:

Read file <error_F.log> for stderr output of this job.

Sender: LSF System <lsfadmin@ls05>
Subject: Job 8349634: <python /data/morrisq/divyak/projects/orchard/bin/orchard -p F.ssm F.params.json F.results.npz> in cluster <lila> Done

Job <python /data/morrisq/divyak/projects/orchard/bin/orchard -p F.ssm F.params.json F.results.npz> was submitted from host <ls16> by user <koyyald> in cluster <lila> at Mon Jul 29 09:32:54 2024
Job was executed on host(s) <8*ls05>, in queue <cpuqueue>, as user <koyyald> in cluster <lila> at Mon Jul 29 09:32:57 2024
</home/koyyald> was used as the home directory.
</data/morrisq/divyak/projects/metient/metient/data/sanborn_melanoma_2015/cn_neutral_data/pyclone_vi_orchard_trees> was used as the working directory.
Started at Mon Jul 29 09:32:57 2024
Terminated at Mon Jul 29 09:33:03 2024
Results reported at Mon Jul 29 09:33:03 2024

Your job looked like:

------------------------------------------------------------
# LSBATCH: User input
python /data/morrisq/divyak/projects/orchard/bin/orchard -p F.ssm F.params.json F.results.npz
------------------------------------------------------------

Successfully completed.

Resource usage summary:

    CPU time :                                   18.69 sec.
    Max Memory :                                 1 GB
    Average Memory :                             0.75 GB
    Total Requested Memory :                     64.00 GB
    Delta Memory :                               63.00 GB
    Max Swap :                                   -
    Max Processes :                              76
    Max Threads :                                84
    Run time :                                   6 sec.
    Turnaround time :                            9 sec.

The output (if any) follows:



PS:

Read file <error_F.log> for stderr output of this job.

