Sender: LSF System <lsfadmin@lx07>
Subject: Job 6839580: <python /data/morrisq/divyak/projects/orchard/bin/orchard -p G.ssm G.params.json G.results.npz> in cluster <lila> Done

Job <python /data/morrisq/divyak/projects/orchard/bin/orchard -p G.ssm G.params.json G.results.npz> was submitted from host <lu07> by user <koyyald> in cluster <lila> at Tue May 28 21:07:18 2024
Job was executed on host(s) <8*lx07>, in queue <cpuqueue>, as user <koyyald> in cluster <lila> at Tue May 28 21:07:40 2024
</home/koyyald> was used as the home directory.
</data/morrisq/divyak/projects/metient/metient/data/sanborn_melanoma_2015/cn_neutral_data/pyclone_vi_orchard_trees> was used as the working directory.
Started at Tue May 28 21:07:40 2024
Terminated at Tue May 28 21:07:42 2024
Results reported at Tue May 28 21:07:42 2024

Your job looked like:

------------------------------------------------------------
# LSBATCH: User input
python /data/morrisq/divyak/projects/orchard/bin/orchard -p G.ssm G.params.json G.results.npz
------------------------------------------------------------

Successfully completed.

Resource usage summary:

    CPU time :                                   7.70 sec.
    Max Memory :                                 -
    Average Memory :                             -
    Total Requested Memory :                     64.00 GB
    Delta Memory :                               -
    Max Swap :                                   -
    Max Processes :                              3
    Max Threads :                                11
    Run time :                                   3 sec.
    Turnaround time :                            24 sec.

The output (if any) follows:



PS:

Read file <error_G.log> for stderr output of this job.

Sender: LSF System <lsfadmin@ls13>
Subject: Job 8349085: <python /data/morrisq/divyak/projects/orchard/bin/orchard -p G.ssm G.params.json G.results.npz> in cluster <lila> Done

Job <python /data/morrisq/divyak/projects/orchard/bin/orchard -p G.ssm G.params.json G.results.npz> was submitted from host <ls16> by user <koyyald> in cluster <lila> at Mon Jul 29 09:08:15 2024
Job was executed on host(s) <8*ls13>, in queue <cpuqueue>, as user <koyyald> in cluster <lila> at Mon Jul 29 09:11:17 2024
</home/koyyald> was used as the home directory.
</data/morrisq/divyak/projects/metient/metient/data/sanborn_melanoma_2015/cn_neutral_data/pyclone_vi_orchard_trees> was used as the working directory.
Started at Mon Jul 29 09:11:17 2024
Terminated at Mon Jul 29 09:11:19 2024
Results reported at Mon Jul 29 09:11:19 2024

Your job looked like:

------------------------------------------------------------
# LSBATCH: User input
python /data/morrisq/divyak/projects/orchard/bin/orchard -p G.ssm G.params.json G.results.npz
------------------------------------------------------------

Successfully completed.

Resource usage summary:

    CPU time :                                   6.93 sec.
    Max Memory :                                 -
    Average Memory :                             -
    Total Requested Memory :                     64.00 GB
    Delta Memory :                               -
    Max Swap :                                   -
    Max Processes :                              3
    Max Threads :                                11
    Run time :                                   3 sec.
    Turnaround time :                            184 sec.

The output (if any) follows:



PS:

Read file <error_G.log> for stderr output of this job.

Sender: LSF System <lsfadmin@ls08>
Subject: Job 8349509: <python /data/morrisq/divyak/projects/orchard/bin/orchard -p G.ssm G.params.json G.results.npz> in cluster <lila> Done

Job <python /data/morrisq/divyak/projects/orchard/bin/orchard -p G.ssm G.params.json G.results.npz> was submitted from host <ls16> by user <koyyald> in cluster <lila> at Mon Jul 29 09:24:02 2024
Job was executed on host(s) <8*ls08>, in queue <cpuqueue>, as user <koyyald> in cluster <lila> at Mon Jul 29 09:24:06 2024
</home/koyyald> was used as the home directory.
</data/morrisq/divyak/projects/metient/metient/data/sanborn_melanoma_2015/cn_neutral_data/pyclone_vi_orchard_trees> was used as the working directory.
Started at Mon Jul 29 09:24:06 2024
Terminated at Mon Jul 29 09:24:13 2024
Results reported at Mon Jul 29 09:24:13 2024

Your job looked like:

------------------------------------------------------------
# LSBATCH: User input
python /data/morrisq/divyak/projects/orchard/bin/orchard -p G.ssm G.params.json G.results.npz
------------------------------------------------------------

Successfully completed.

Resource usage summary:

    CPU time :                                   6.81 sec.
    Max Memory :                                 1 GB
    Average Memory :                             0.50 GB
    Total Requested Memory :                     64.00 GB
    Delta Memory :                               63.00 GB
    Max Swap :                                   -
    Max Processes :                              76
    Max Threads :                                89
    Run time :                                   9 sec.
    Turnaround time :                            11 sec.

The output (if any) follows:



PS:

Read file <error_G.log> for stderr output of this job.

Sender: LSF System <lsfadmin@ls13>
Subject: Job 8349635: <python /data/morrisq/divyak/projects/orchard/bin/orchard -p G.ssm G.params.json G.results.npz> in cluster <lila> Done

Job <python /data/morrisq/divyak/projects/orchard/bin/orchard -p G.ssm G.params.json G.results.npz> was submitted from host <ls16> by user <koyyald> in cluster <lila> at Mon Jul 29 09:32:55 2024
Job was executed on host(s) <8*ls13>, in queue <cpuqueue>, as user <koyyald> in cluster <lila> at Mon Jul 29 09:32:58 2024
</home/koyyald> was used as the home directory.
</data/morrisq/divyak/projects/metient/metient/data/sanborn_melanoma_2015/cn_neutral_data/pyclone_vi_orchard_trees> was used as the working directory.
Started at Mon Jul 29 09:32:58 2024
Terminated at Mon Jul 29 09:33:11 2024
Results reported at Mon Jul 29 09:33:11 2024

Your job looked like:

------------------------------------------------------------
# LSBATCH: User input
python /data/morrisq/divyak/projects/orchard/bin/orchard -p G.ssm G.params.json G.results.npz
------------------------------------------------------------

Successfully completed.

Resource usage summary:

    CPU time :                                   6.98 sec.
    Max Memory :                                 -
    Average Memory :                             -
    Total Requested Memory :                     64.00 GB
    Delta Memory :                               -
    Max Swap :                                   -
    Max Processes :                              3
    Max Threads :                                18
    Run time :                                   13 sec.
    Turnaround time :                            16 sec.

The output (if any) follows:



PS:

Read file <error_G.log> for stderr output of this job.

