Sender: LSF System <lsfadmin@lx07>
Subject: Job 6839578: <python /data/morrisq/divyak/projects/orchard/bin/orchard -p E.ssm E.params.json E.results.npz> in cluster <lila> Done

Job <python /data/morrisq/divyak/projects/orchard/bin/orchard -p E.ssm E.params.json E.results.npz> was submitted from host <lu07> by user <koyyald> in cluster <lila> at Tue May 28 21:07:17 2024
Job was executed on host(s) <8*lx07>, in queue <cpuqueue>, as user <koyyald> in cluster <lila> at Tue May 28 21:07:34 2024
</home/koyyald> was used as the home directory.
</data/morrisq/divyak/projects/metient/metient/data/sanborn_melanoma_2015/cn_neutral_data/pyclone_vi_orchard_trees> was used as the working directory.
Started at Tue May 28 21:07:34 2024
Terminated at Tue May 28 21:07:37 2024
Results reported at Tue May 28 21:07:37 2024

Your job looked like:

------------------------------------------------------------
# LSBATCH: User input
python /data/morrisq/divyak/projects/orchard/bin/orchard -p E.ssm E.params.json E.results.npz
------------------------------------------------------------

Successfully completed.

Resource usage summary:

    CPU time :                                   13.01 sec.
    Max Memory :                                 2 GB
    Average Memory :                             1.50 GB
    Total Requested Memory :                     64.00 GB
    Delta Memory :                               62.00 GB
    Max Swap :                                   -
    Max Processes :                              84
    Max Threads :                                107
    Run time :                                   5 sec.
    Turnaround time :                            20 sec.

The output (if any) follows:



PS:

Read file <error_E.log> for stderr output of this job.

Sender: LSF System <lsfadmin@lx07>
Subject: Job 8349083: <python /data/morrisq/divyak/projects/orchard/bin/orchard -p E.ssm E.params.json E.results.npz> in cluster <lila> Done

Job <python /data/morrisq/divyak/projects/orchard/bin/orchard -p E.ssm E.params.json E.results.npz> was submitted from host <ls16> by user <koyyald> in cluster <lila> at Mon Jul 29 09:08:15 2024
Job was executed on host(s) <8*lx07>, in queue <cpuqueue>, as user <koyyald> in cluster <lila> at Mon Jul 29 09:11:04 2024
</home/koyyald> was used as the home directory.
</data/morrisq/divyak/projects/metient/metient/data/sanborn_melanoma_2015/cn_neutral_data/pyclone_vi_orchard_trees> was used as the working directory.
Started at Mon Jul 29 09:11:04 2024
Terminated at Mon Jul 29 09:11:07 2024
Results reported at Mon Jul 29 09:11:07 2024

Your job looked like:

------------------------------------------------------------
# LSBATCH: User input
python /data/morrisq/divyak/projects/orchard/bin/orchard -p E.ssm E.params.json E.results.npz
------------------------------------------------------------

Successfully completed.

Resource usage summary:

    CPU time :                                   11.64 sec.
    Max Memory :                                 1 GB
    Average Memory :                             0.75 GB
    Total Requested Memory :                     64.00 GB
    Delta Memory :                               63.00 GB
    Max Swap :                                   -
    Max Processes :                              84
    Max Threads :                                93
    Run time :                                   5 sec.
    Turnaround time :                            172 sec.

The output (if any) follows:



PS:

Read file <error_E.log> for stderr output of this job.

Sender: LSF System <lsfadmin@ls09>
Subject: Job 8349507: <python /data/morrisq/divyak/projects/orchard/bin/orchard -p E.ssm E.params.json E.results.npz> in cluster <lila> Done

Job <python /data/morrisq/divyak/projects/orchard/bin/orchard -p E.ssm E.params.json E.results.npz> was submitted from host <ls16> by user <koyyald> in cluster <lila> at Mon Jul 29 09:24:02 2024
Job was executed on host(s) <8*ls09>, in queue <cpuqueue>, as user <koyyald> in cluster <lila> at Mon Jul 29 09:24:04 2024
</home/koyyald> was used as the home directory.
</data/morrisq/divyak/projects/metient/metient/data/sanborn_melanoma_2015/cn_neutral_data/pyclone_vi_orchard_trees> was used as the working directory.
Started at Mon Jul 29 09:24:04 2024
Terminated at Mon Jul 29 09:24:15 2024
Results reported at Mon Jul 29 09:24:15 2024

Your job looked like:

------------------------------------------------------------
# LSBATCH: User input
python /data/morrisq/divyak/projects/orchard/bin/orchard -p E.ssm E.params.json E.results.npz
------------------------------------------------------------

Successfully completed.

Resource usage summary:

    CPU time :                                   18.53 sec.
    Max Memory :                                 1 GB
    Average Memory :                             0.43 GB
    Total Requested Memory :                     64.00 GB
    Delta Memory :                               63.00 GB
    Max Swap :                                   -
    Max Processes :                              76
    Max Threads :                                82
    Run time :                                   12 sec.
    Turnaround time :                            13 sec.

The output (if any) follows:



PS:

Read file <error_E.log> for stderr output of this job.

Sender: LSF System <lsfadmin@ls09>
Subject: Job 8349633: <python /data/morrisq/divyak/projects/orchard/bin/orchard -p E.ssm E.params.json E.results.npz> in cluster <lila> Done

Job <python /data/morrisq/divyak/projects/orchard/bin/orchard -p E.ssm E.params.json E.results.npz> was submitted from host <ls16> by user <koyyald> in cluster <lila> at Mon Jul 29 09:32:54 2024
Job was executed on host(s) <8*ls09>, in queue <cpuqueue>, as user <koyyald> in cluster <lila> at Mon Jul 29 09:32:57 2024
</home/koyyald> was used as the home directory.
</data/morrisq/divyak/projects/metient/metient/data/sanborn_melanoma_2015/cn_neutral_data/pyclone_vi_orchard_trees> was used as the working directory.
Started at Mon Jul 29 09:32:57 2024
Terminated at Mon Jul 29 09:33:03 2024
Results reported at Mon Jul 29 09:33:03 2024

Your job looked like:

------------------------------------------------------------
# LSBATCH: User input
python /data/morrisq/divyak/projects/orchard/bin/orchard -p E.ssm E.params.json E.results.npz
------------------------------------------------------------

Successfully completed.

Resource usage summary:

    CPU time :                                   17.64 sec.
    Max Memory :                                 1 GB
    Average Memory :                             0.17 GB
    Total Requested Memory :                     64.00 GB
    Delta Memory :                               63.00 GB
    Max Swap :                                   -
    Max Processes :                              64
    Max Threads :                                67
    Run time :                                   8 sec.
    Turnaround time :                            9 sec.

The output (if any) follows:



PS:

Read file <error_E.log> for stderr output of this job.

